Build started 3/9/2015 2:08:22 PM.
     1>Project "C:\Users\zann\Desktop\main\Jarvis\Jarvis\Jarvis.vcxproj" on node 2 (Rebuild target(s)).
     1>ClCompile:
         C:\Program Files (x86)\Microsoft Visual Studio 11.0\VC\bin\CL.exe /c /ZI /nologo /W3 /WX- /Od /Oy- /D _MBCS /Gm /EHsc /RTC1 /MDd /GS /fp:precise /Zc:wchar_t /Zc:forScope /Fo"Debug\\" /Fd"Debug\vc110.pdb" /Gd /TP /analyze- /errorReport:prompt ..\..\parser.cpp Logic.cpp Storage.cpp
         Storage.cpp
     1>c:\users\zann\desktop\main\jarvis\jarvis\storage.h(13): error C2143: syntax error : missing ';' before '<'
     1>c:\users\zann\desktop\main\jarvis\jarvis\storage.h(13): error C4430: missing type specifier - int assumed. Note: C++ does not support default-int
     1>c:\users\zann\desktop\main\jarvis\jarvis\storage.h(13): error C2238: unexpected token(s) preceding ';'
     1>c:\users\zann\desktop\main\jarvis\jarvis\storage.h(17): error C2061: syntax error : identifier 'vector'
     1>c:\users\zann\desktop\main\jarvis\jarvis\storage.cpp(8): error C2511: 'bool Storage::writeFile(std::string,std::vector<_Ty>)' : overloaded member function not found in 'Storage'
                 with
                 [
                     _Ty=std::string
                 ]
                 c:\users\zann\desktop\main\jarvis\jarvis\storage.h(9) : see declaration of 'Storage'
         Logic.cpp
     1>c:\users\zann\desktop\main\jarvis\jarvis\storage.h(6): error C2143: syntax error : missing ';' before 'using'
     1>c:\users\zann\desktop\main\jarvis\jarvis\storage.h(13): error C2143: syntax error : missing ';' before '<'
     1>c:\users\zann\desktop\main\jarvis\jarvis\storage.h(13): error C4430: missing type specifier - int assumed. Note: C++ does not support default-int
     1>c:\users\zann\desktop\main\jarvis\jarvis\storage.h(13): error C2238: unexpected token(s) preceding ';'
     1>c:\users\zann\desktop\main\jarvis\jarvis\storage.h(17): error C2061: syntax error : identifier 'vector'
         parser.cpp
         Generating Code...
     1>Done Building Project "C:\Users\zann\Desktop\main\Jarvis\Jarvis\Jarvis.vcxproj" (Rebuild target(s)) -- FAILED.

Build FAILED.

Time Elapsed 00:00:02.27
