Build started 08-04-2015 03:23:49.
     1>Project "C:\Users\vatsala\Documents\Jarvis\main\Jarvis\JarvisTest\JarvisTest.vcxproj" on node 2 (Rebuild target(s)).
     1>Project "C:\Users\vatsala\Documents\Jarvis\main\Jarvis\JarvisTest\JarvisTest.vcxproj" (1) is building "C:\Users\vatsala\Documents\Jarvis\main\Jarvis\Jarvis\Jarvis.vcxproj" (2) on node 2 (GetTargetPath target(s)).
       Project file contains ToolsVersion="12.0". This toolset may be unknown or missing, in which case you may be able to resolve this by installing the appropriate version of MSBuild, or the build may have been forced to a particular ToolsVersion for policy reasons. Treating the project as if it had ToolsVersion="4.0". For more information, please see http://go.microsoft.com/fwlink/?LinkId=291333.
     2>Done Building Project "C:\Users\vatsala\Documents\Jarvis\main\Jarvis\Jarvis\Jarvis.vcxproj" (GetTargetPath target(s)).
     1>Project "C:\Users\vatsala\Documents\Jarvis\main\Jarvis\JarvisTest\JarvisTest.vcxproj" (1) is building "C:\Users\vatsala\Documents\Jarvis\main\Jarvis\Jarvis\Jarvis.vcxproj" (2:2) on node 2 (GetNativeManifest target(s)).
       Project file contains ToolsVersion="12.0". This toolset may be unknown or missing, in which case you may be able to resolve this by installing the appropriate version of MSBuild, or the build may have been forced to a particular ToolsVersion for policy reasons. Treating the project as if it had ToolsVersion="4.0". For more information, please see http://go.microsoft.com/fwlink/?LinkId=291333.
     2>Done Building Project "C:\Users\vatsala\Documents\Jarvis\main\Jarvis\Jarvis\Jarvis.vcxproj" (GetNativeManifest target(s)).
     1>ClCompile:
         C:\Program Files (x86)\Microsoft Visual Studio 11.0\VC\bin\CL.exe /c /IC:\Users\vatsala\Documents\GitHub\main\Jarvis /I"C:\Program Files (x86)\Microsoft Visual Studio 11.0\VC\UnitTest\include" /ZI /nologo /W3 /WX- /Od /Oy- /D WIN32 /D _DEBUG /D _WINDLL /D _UNICODE /D UNICODE /Gm /EHsc /RTC1 /MDd /GS /fp:precise /Zc:wchar_t /Zc:forScope /Yc"stdafx.h" /Fp"Debug\JarvisTest.pch" /Fo"Debug\\" /Fd"Debug\vc110.pdb" /Gd /TP /analyze- /FC /errorReport:prompt stdafx.cpp
         stdafx.cpp
         C:\Program Files (x86)\Microsoft Visual Studio 11.0\VC\bin\CL.exe /c /IC:\Users\vatsala\Documents\GitHub\main\Jarvis /I"C:\Program Files (x86)\Microsoft Visual Studio 11.0\VC\UnitTest\include" /ZI /nologo /W3 /WX- /Od /Oy- /D WIN32 /D _DEBUG /D _WINDLL /D _UNICODE /D UNICODE /Gm /EHsc /RTC1 /MDd /GS /fp:precise /Zc:wchar_t /Zc:forScope /Yu"stdafx.h" /Fp"Debug\JarvisTest.pch" /Fo"Debug\\" /Fd"Debug\vc110.pdb" /Gd /TP /analyze- /FC /errorReport:prompt JarvisTest.cpp
         JarvisTest.cpp
     1>Project "C:\Users\vatsala\Documents\Jarvis\main\Jarvis\JarvisTest\JarvisTest.vcxproj" (1) is building "C:\Users\vatsala\Documents\Jarvis\main\Jarvis\Jarvis\Jarvis.vcxproj" (2:3) on node 2 (GetResolvedLinkLibs target(s)).
       Project file contains ToolsVersion="12.0". This toolset may be unknown or missing, in which case you may be able to resolve this by installing the appropriate version of MSBuild, or the build may have been forced to a particular ToolsVersion for policy reasons. Treating the project as if it had ToolsVersion="4.0". For more information, please see http://go.microsoft.com/fwlink/?LinkId=291333.
     2>Done Building Project "C:\Users\vatsala\Documents\Jarvis\main\Jarvis\Jarvis\Jarvis.vcxproj" (GetResolvedLinkLibs target(s)).
     1>Link:
         C:\Program Files (x86)\Microsoft Visual Studio 11.0\VC\bin\link.exe /ERRORREPORT:PROMPT /OUT:"C:\Users\vatsala\Documents\Jarvis\main\Jarvis\Debug\JarvisTest.dll" /INCREMENTAL /NOLOGO /LIBPATH:C:\Users\vatsala\Documents\GitHub\main\Jarvis /LIBPATH:"C:\Program Files (x86)\Microsoft Visual Studio 11.0\VC\UnitTest\lib" kernel32.lib user32.lib gdi32.lib winspool.lib comdlg32.lib advapi32.lib shell32.lib ole32.lib oleaut32.lib uuid.lib odbc32.lib odbccp32.lib /MANIFEST /MANIFESTUAC:"level='asInvoker' uiAccess='false'" /manifest:embed /DEBUG /PDB:"C:\Users\vatsala\Documents\Jarvis\main\Jarvis\Debug\JarvisTest.pdb" /SUBSYSTEM:WINDOWS /TLBID:1 /DYNAMICBASE /NXCOMPAT /IMPLIB:"C:\Users\vatsala\Documents\Jarvis\main\Jarvis\Debug\JarvisTest.lib" /MACHINE:X86 /DLL Debug\stdafx.obj
         Debug\JarvisTest.obj
            Creating library C:\Users\vatsala\Documents\Jarvis\main\Jarvis\Debug\JarvisTest.lib and object C:\Users\vatsala\Documents\Jarvis\main\Jarvis\Debug\JarvisTest.exp
     1>JarvisTest.obj : error LNK2019: unresolved external symbol "public: __thiscall Logic::Logic(void)" (??0Logic@@QAE@XZ) referenced in function "public: void __thiscall JarvisTest::UnitTest1::AddTest(void)" (?AddTest@UnitTest1@JarvisTest@@QAEXXZ)
     1>JarvisTest.obj : error LNK2019: unresolved external symbol "public: __thiscall Logic::~Logic(void)" (??1Logic@@QAE@XZ) referenced in function "public: void __thiscall JarvisTest::UnitTest1::AddTest(void)" (?AddTest@UnitTest1@JarvisTest@@QAEXXZ)
     1>JarvisTest.obj : error LNK2019: unresolved external symbol "public: class std::basic_string<char,struct std::char_traits<char>,class std::allocator<char> > __thiscall Logic::executeCommand(class std::basic_string<char,struct std::char_traits<char>,class std::allocator<char> >,class std::stack<class std::basic_string<char,struct std::char_traits<char>,class std::allocator<char> >,class std::deque<class std::basic_string<char,struct std::char_traits<char>,class std::allocator<char> >,class std::allocator<class std::basic_string<char,struct std::char_traits<char>,class std::allocator<char> > > > >,class std::basic_string<char,struct std::char_traits<char>,class std::allocator<char> >,class std::basic_string<char,struct std::char_traits<char>,class std::allocator<char> >)" (?executeCommand@Logic@@QAE?AV?$basic_string@DU?$char_traits@D@std@@V?$allocator@D@2@@std@@V23@V?$stack@V?$basic_string@DU?$char_traits@D@std@@V?$allocator@D@2@@std@@V?$deque@V?$basic_string@DU?$char_traits@D@std@@V?$allocator@D@2@@std@@V?$allocator@V?$basic_string@DU?$char_traits@D@std@@V?$allocator@D@2@@std@@@2@@2@@3@00@Z) referenced in function "public: void __thiscall JarvisTest::UnitTest1::AddTest(void)" (?AddTest@UnitTest1@JarvisTest@@QAEXXZ)
     1>C:\Users\vatsala\Documents\Jarvis\main\Jarvis\Debug\JarvisTest.dll : fatal error LNK1120: 3 unresolved externals
     1>Done Building Project "C:\Users\vatsala\Documents\Jarvis\main\Jarvis\JarvisTest\JarvisTest.vcxproj" (Rebuild target(s)) -- FAILED.

Build FAILED.

Time Elapsed 00:00:10.21
