Build started 25-03-2015 11:44:36.
     1>Project "C:\Users\vatsala\Desktop\Yr2Sem2\CS2103\main\main\Jarvis\Logic Unit Test\Logic Unit Test.vcxproj" on node 2 (Rebuild target(s)).
     1>ClCompile:
         C:\Program Files (x86)\Microsoft Visual Studio 11.0\VC\bin\CL.exe /c /IC:\Users\vatsala\Desktop\Yr2Sem2\CS2103\main\main\Jarvis\Jarvis /I"C:\Program Files (x86)\Microsoft Visual Studio 11.0\VC\UnitTest\include" /ZI /nologo /W3 /WX- /Od /Oy- /D WIN32 /D _DEBUG /D _WINDLL /D _UNICODE /D UNICODE /Gm /EHsc /RTC1 /MDd /GS /fp:precise /Zc:wchar_t /Zc:forScope /Yc"stdafx.h" /Fp"Debug\Logic Unit Test.pch" /Fo"Debug\\" /Fd"Debug\vc110.pdb" /Gd /TP /analyze- /FC /errorReport:prompt stdafx.cpp
         stdafx.cpp
         C:\Program Files (x86)\Microsoft Visual Studio 11.0\VC\bin\CL.exe /c /IC:\Users\vatsala\Desktop\Yr2Sem2\CS2103\main\main\Jarvis\Jarvis /I"C:\Program Files (x86)\Microsoft Visual Studio 11.0\VC\UnitTest\include" /ZI /nologo /W3 /WX- /Od /Oy- /D WIN32 /D _DEBUG /D _WINDLL /D _UNICODE /D UNICODE /Gm /EHsc /RTC1 /MDd /GS /fp:precise /Zc:wchar_t /Zc:forScope /Yu"stdafx.h" /Fp"Debug\Logic Unit Test.pch" /Fo"Debug\\" /Fd"Debug\vc110.pdb" /Gd /TP /analyze- /FC /errorReport:prompt unittest1.cpp
         unittest1.cpp
       Link:
         C:\Program Files (x86)\Microsoft Visual Studio 11.0\VC\bin\link.exe /ERRORREPORT:PROMPT /OUT:"C:\Users\vatsala\Desktop\Yr2Sem2\CS2103\main\main\Jarvis\Debug\Logic Unit Test.dll" /INCREMENTAL /NOLOGO /LIBPATH:"C:\Program Files (x86)\Microsoft Visual Studio 11.0\VC\UnitTest\lib" kernel32.lib user32.lib gdi32.lib winspool.lib comdlg32.lib advapi32.lib shell32.lib ole32.lib oleaut32.lib uuid.lib odbc32.lib odbccp32.lib /MANIFEST /MANIFESTUAC:"level='asInvoker' uiAccess='false'" /manifest:embed /DEBUG /PDB:"C:\Users\vatsala\Desktop\Yr2Sem2\CS2103\main\main\Jarvis\Debug\Logic Unit Test.pdb" /SUBSYSTEM:WINDOWS /TLBID:1 /DYNAMICBASE /NXCOMPAT /IMPLIB:"C:\Users\vatsala\Desktop\Yr2Sem2\CS2103\main\main\Jarvis\Debug\Logic Unit Test.lib" /MACHINE:X86 /DLL Debug\stdafx.obj
         Debug\unittest1.obj
            Creating library C:\Users\vatsala\Desktop\Yr2Sem2\CS2103\main\main\Jarvis\Debug\Logic Unit Test.lib and object C:\Users\vatsala\Desktop\Yr2Sem2\CS2103\main\main\Jarvis\Debug\Logic Unit Test.exp
     1>unittest1.obj : error LNK2019: unresolved external symbol "public: __thiscall Logic::Logic(void)" (??0Logic@@QAE@XZ) referenced in function "public: void __thiscall LogicUnitTest::LOGIC_TEST::EXECUTE_COMMAND_TEST(void)" (?EXECUTE_COMMAND_TEST@LOGIC_TEST@LogicUnitTest@@QAEXXZ)
     1>unittest1.obj : error LNK2019: unresolved external symbol "public: __thiscall Logic::~Logic(void)" (??1Logic@@QAE@XZ) referenced in function "public: void __thiscall LogicUnitTest::LOGIC_TEST::EXECUTE_COMMAND_TEST(void)" (?EXECUTE_COMMAND_TEST@LOGIC_TEST@LogicUnitTest@@QAEXXZ)
     1>unittest1.obj : error LNK2019: unresolved external symbol "public: class std::stack<class std::basic_string<char,struct std::char_traits<char>,class std::allocator<char> >,class std::deque<class std::basic_string<char,struct std::char_traits<char>,class std::allocator<char> >,class std::allocator<class std::basic_string<char,struct std::char_traits<char>,class std::allocator<char> > > > > __thiscall Logic::getStack(void)" (?getStack@Logic@@QAE?AV?$stack@V?$basic_string@DU?$char_traits@D@std@@V?$allocator@D@2@@std@@V?$deque@V?$basic_string@DU?$char_traits@D@std@@V?$allocator@D@2@@std@@V?$allocator@V?$basic_string@DU?$char_traits@D@std@@V?$allocator@D@2@@std@@@2@@2@@std@@XZ) referenced in function "public: void __thiscall LogicUnitTest::LOGIC_TEST::EXECUTE_COMMAND_TEST(void)" (?EXECUTE_COMMAND_TEST@LOGIC_TEST@LogicUnitTest@@QAEXXZ)
     1>unittest1.obj : error LNK2019: unresolved external symbol "public: void __thiscall Logic::setStack(class std::stack<class std::basic_string<char,struct std::char_traits<char>,class std::allocator<char> >,class std::deque<class std::basic_string<char,struct std::char_traits<char>,class std::allocator<char> >,class std::allocator<class std::basic_string<char,struct std::char_traits<char>,class std::allocator<char> > > > >)" (?setStack@Logic@@QAEXV?$stack@V?$basic_string@DU?$char_traits@D@std@@V?$allocator@D@2@@std@@V?$deque@V?$basic_string@DU?$char_traits@D@std@@V?$allocator@D@2@@std@@V?$allocator@V?$basic_string@DU?$char_traits@D@std@@V?$allocator@D@2@@std@@@2@@2@@std@@@Z) referenced in function "public: void __thiscall LogicUnitTest::LOGIC_TEST::EXECUTE_COMMAND_TEST(void)" (?EXECUTE_COMMAND_TEST@LOGIC_TEST@LogicUnitTest@@QAEXXZ)
     1>C:\Users\vatsala\Desktop\Yr2Sem2\CS2103\main\main\Jarvis\Debug\Logic Unit Test.dll : fatal error LNK1120: 4 unresolved externals
     1>Done Building Project "C:\Users\vatsala\Desktop\Yr2Sem2\CS2103\main\main\Jarvis\Logic Unit Test\Logic Unit Test.vcxproj" (Rebuild target(s)) -- FAILED.

Build FAILED.

Time Elapsed 00:00:01.77
